{"logTime": "0115/114618", "correlationVector":"NG0q9qfndl51uSCDxOco/r.1","action":"SyncServerConnectionManagerRequest", "result":"SYNC_SERVER_OK", "context":{"environment":"Prod_francecentral_prod-s01-062-eur-francecentral", "migrationStage":"NotStarted", "server":"akswtt003000019"}}
{"logTime": "0115/114620", "correlationVector":"V114DYBj/s8MW5re5wmv09","action":"SyncServerConnectionManagerRequest", "result":"SYNC_SERVER_OK", "context":{"environment":"", "migrationStage":"", "server":""}}
{"logTime": "0115/114620", "correlationVector":"NG0q9qfndl51uSCDxOco/r","action":"Initial GetUpdates", "result":"", "context":Reason: NEW_CLIENT. cV=NG0q9qfndl51uSCDxOco/r}
{"logTime": "0115/114620", "correlationVector":"NG0q9qfndl51uSCDxOco/r.2","action":"GetUpdates Response", "result":"Success", "context":Received 1 update(s). cV=NG0q9qfndl51uSCDxOco/r.0;server=akswtt003000019;cloudType=Consumer;environment=Prod_francecentral_prod-s01-062-eur-francecentral;migrationStage=NotStarted}
{"logTime": "0115/114620", "correlationVector":"G99y46JW08Gxgid28JYD4E","action":"Initial GetUpdates", "result":"", "context":Reason: NEWLY_SUPPORTED_DATATYPE. cV=G99y46JW08Gxgid28JYD4E}
{"logTime": "0115/114620", "correlationVector":"G99y46JW08Gxgid28JYD4E.1","action":"SyncServerConnectionManagerRequest", "result":"SYNC_SERVER_OK", "context":{"environment":"Prod_francecentral_prod-s01-062-eur-francecentral", "migrationStage":"NotStarted", "server":"akswtt003000024"}}
{"logTime": "0115/114620", "correlationVector":"G99y46JW08Gxgid28JYD4E.2","action":"GetUpdates Response", "result":"Success", "context":Received 183 update(s). cV=G99y46JW08Gxgid28JYD4E.0;server=akswtt003000024;cloudType=Consumer;environment=Prod_francecentral_prod-s01-062-eur-francecentral;migrationStage=NotStarted}
{"logTime": "0115/114620", "correlationVector":"16DMWHhunpbdY7cmel5qce","action":"Initial GetUpdates", "result":"", "context":Reason: NEWLY_SUPPORTED_DATATYPE. cV=16DMWHhunpbdY7cmel5qce}
{"logTime": "0115/114621", "correlationVector":"16DMWHhunpbdY7cmel5qce.1","action":"SyncServerConnectionManagerRequest", "result":"SYNC_SERVER_OK", "context":{"environment":"Prod_francecentral_prod-s01-062-eur-francecentral", "migrationStage":"NotStarted", "server":"akswtt00300000m"}}
{"logTime": "0115/114621", "correlationVector":"16DMWHhunpbdY7cmel5qce.2","action":"GetUpdates Response", "result":"Success", "context":Received 11 update(s). cV=16DMWHhunpbdY7cmel5qce.0;server=akswtt00300000m;cloudType=Consumer;environment=Prod_francecentral_prod-s01-062-eur-francecentral;migrationStage=NotStarted}
{"logTime": "0115/114621", "correlationVector":"HlTSSOxOIZmiT9FAablnVM","action":"Initial GetUpdates", "result":"", "context":Reason: NEWLY_SUPPORTED_DATATYPE. cV=HlTSSOxOIZmiT9FAablnVM}
{"logTime": "0115/114622", "correlationVector":"HlTSSOxOIZmiT9FAablnVM.1","action":"SyncServerConnectionManagerRequest", "result":"SYNC_SERVER_OK", "context":{"environment":"Prod_francecentral_prod-s01-062-eur-francecentral", "migrationStage":"NotStarted", "server":"akswtt00300002z"}}
{"logTime": "0115/114622", "correlationVector":"HlTSSOxOIZmiT9FAablnVM.2","action":"GetUpdates", "result":"DeleteReceived", "context":{"id":"2427ab22-c8a2-484b-ac6a-dcfb107019c7", "isDeleted:":"true", "version":"1729327741323"}}
{"logTime": "0115/114622", "correlationVector":"HlTSSOxOIZmiT9FAablnVM.3","action":"GetUpdates", "result":"DeleteReceived", "context":{"id":"d1c519c1-a397-4099-a246-2f5be85a5db3", "isDeleted:":"true", "version":"1729327741324"}}
{"logTime": "0115/114622", "correlationVector":"HlTSSOxOIZmiT9FAablnVM.4","action":"GetUpdates", "result":"DeleteReceived", "context":{"id":"349392ee-40ed-40b0-9797-f3fe84a83dfd", "isDeleted:":"true", "version":"1729327741325"}}
{"logTime": "0115/114622", "correlationVector":"HlTSSOxOIZmiT9FAablnVM.5","action":"GetUpdates", "result":"DeleteReceived", "context":{"id":"c8c3abe3-8444-476f-88ef-ff7a6b36434b", "isDeleted:":"true", "version":"1729327741326"}}
{"logTime": "0115/114622", "correlationVector":"HlTSSOxOIZmiT9FAablnVM.6","action":"GetUpdates", "result":"DeleteReceived", "context":{"id":"ca89ba32-1866-4015-aa0c-0c6667657891", "isDeleted:":"true", "version":"1729327741327"}}
{"logTime": "0115/114622", "correlationVector":"HlTSSOxOIZmiT9FAablnVM.7","action":"GetUpdates", "result":"DeleteReceived", "context":{"id":"a0b9d0c3-575e-40cd-b9a3-6cca0bf416e5", "isDeleted:":"true", "version":"1729327741328"}}
{"logTime": "0115/114622", "correlationVector":"HlTSSOxOIZmiT9FAablnVM.8","action":"GetUpdates", "result":"DeleteReceived", "context":{"id":"6192887b-8c99-413c-8a68-19f757347400", "isDeleted:":"true", "version":"1729327741329"}}
{"logTime": "0115/114622", "correlationVector":"HlTSSOxOIZmiT9FAablnVM.9","action":"GetUpdates", "result":"DeleteReceived", "context":{"id":"7c5a1e92-835b-4d3b-b6f2-a48d09e00e5d", "isDeleted:":"true", "version":"1729328023198"}}
{"logTime": "0115/114622", "correlationVector":"HlTSSOxOIZmiT9FAablnVM.10","action":"GetUpdates", "result":"DeleteReceived", "context":{"id":"392b22d8-5fc3-42b6-aa9a-6d61b78d1bea", "isDeleted:":"true", "version":"1729328023200"}}
{"logTime": "0115/114622", "correlationVector":"HlTSSOxOIZmiT9FAablnVM.11","action":"GetUpdates", "result":"DeleteReceived", "context":{"id":"292fb678-9cbf-413c-95b6-87bc7df8dbbc", "isDeleted:":"true", "version":"1729328023201"}}
{"logTime": "0115/114622", "correlationVector":"HlTSSOxOIZmiT9FAablnVM.12","action":"GetUpdates", "result":"DeleteReceived", "context":{"id":"a5efab55-a027-48d1-a227-548c24dfc579", "isDeleted:":"true", "version":"1729328023202"}}
{"logTime": "0115/114622", "correlationVector":"HlTSSOxOIZmiT9FAablnVM.13","action":"GetUpdates", "result":"DeleteReceived", "context":{"id":"8fc9900b-6bcf-40c0-972f-8170d7f96736", "isDeleted:":"true", "version":"1729328023203"}}
{"logTime": "0115/114622", "correlationVector":"HlTSSOxOIZmiT9FAablnVM.14","action":"GetUpdates", "result":"DeleteReceived", "context":{"id":"1309dc78-cc2d-4d14-9b4e-1ea2c6cfbb4d", "isDeleted:":"true", "version":"1729328023204"}}
{"logTime": "0115/114622", "correlationVector":"HlTSSOxOIZmiT9FAablnVM.15","action":"GetUpdates", "result":"DeleteReceived", "context":{"id":"d250b591-990a-4fb5-9d92-23909f255d57", "isDeleted:":"true", "version":"1729328023205"}}
{"logTime": "0115/114622", "correlationVector":"HlTSSOxOIZmiT9FAablnVM.16","action":"GetUpdates", "result":"DeleteReceived", "context":{"id":"bffed0f3-c3fb-4fd6-baef-483023b91b55", "isDeleted:":"true", "version":"1729328023206"}}
{"logTime": "0115/114622", "correlationVector":"HlTSSOxOIZmiT9FAablnVM.17","action":"GetUpdates", "result":"DeleteReceived", "context":{"id":"dfc9ffd8-32d9-4f78-a93e-62b61945b3c7", "isDeleted:":"true", "version":"1729328023207"}}
{"logTime": "0115/114622", "correlationVector":"HlTSSOxOIZmiT9FAablnVM.18","action":"GetUpdates", "result":"DeleteReceived", "context":{"id":"9daf5498-1805-4c23-9db7-625006c09a89", "isDeleted:":"true", "version":"1729328023208"}}
{"logTime": "0115/114622", "correlationVector":"HlTSSOxOIZmiT9FAablnVM.19","action":"GetUpdates", "result":"DeleteReceived", "context":{"id":"72e14378-651e-49cc-bb85-18ecf3c060db", "isDeleted:":"true", "version":"1729328023209"}}
{"logTime": "0115/114622", "correlationVector":"HlTSSOxOIZmiT9FAablnVM.20","action":"GetUpdates", "result":"DeleteReceived", "context":{"id":"4606b8bb-c11a-494b-a9ed-3a0605bf59c4", "isDeleted:":"true", "version":"1729328023211"}}
{"logTime": "0115/114622", "correlationVector":"HlTSSOxOIZmiT9FAablnVM.21","action":"GetUpdates", "result":"DeleteReceived", "context":{"id":"bd4a6cba-b208-40e0-bebc-75b4906ced26", "isDeleted:":"true", "version":"1729328023212"}}
{"logTime": "0115/114622", "correlationVector":"HlTSSOxOIZmiT9FAablnVM.22","action":"GetUpdates", "result":"DeleteReceived", "context":{"id":"c4d27646-14f9-43ac-ada8-e15e350dc1f8", "isDeleted:":"true", "version":"1729328023213"}}
{"logTime": "0115/114622", "correlationVector":"HlTSSOxOIZmiT9FAablnVM.23","action":"GetUpdates", "result":"DeleteReceived", "context":{"id":"c5b22f2a-b631-423d-9a45-7d77881b8c19", "isDeleted:":"true", "version":"1729328023215"}}
{"logTime": "0115/114622", "correlationVector":"HlTSSOxOIZmiT9FAablnVM.24","action":"GetUpdates", "result":"DeleteReceived", "context":{"id":"46c6941a-084d-4a21-8e8b-04abbd89769d", "isDeleted:":"true", "version":"1729328023216"}}
{"logTime": "0115/114622", "correlationVector":"HlTSSOxOIZmiT9FAablnVM.25","action":"GetUpdates", "result":"DeleteReceived", "context":{"id":"856ce7bd-3972-4123-9a1e-1d9b491416a8", "isDeleted:":"true", "version":"1729328023217"}}
{"logTime": "0115/114622", "correlationVector":"HlTSSOxOIZmiT9FAablnVM.26","action":"GetUpdates", "result":"DeleteReceived", "context":{"id":"b74a7d11-c36c-45fc-b999-01919496ff77", "isDeleted:":"true", "version":"1729328095350"}}
{"logTime": "0115/114622", "correlationVector":"HlTSSOxOIZmiT9FAablnVM.27","action":"GetUpdates", "result":"DeleteReceived", "context":{"id":"5878d208-12a7-4cce-a660-ab5fbf54b521", "isDeleted:":"true", "version":"1729328130738"}}
{"logTime": "0115/114622", "correlationVector":"HlTSSOxOIZmiT9FAablnVM.28","action":"GetUpdates", "result":"DeleteReceived", "context":{"id":"1f790a1d-d7c7-4808-8294-a05db3f48555", "isDeleted:":"true", "version":"1729328130740"}}
{"logTime": "0115/114622", "correlationVector":"HlTSSOxOIZmiT9FAablnVM.29","action":"GetUpdates", "result":"DeleteReceived", "context":{"id":"fad11c0d-537a-448d-9e69-6d4d5e65c97b", "isDeleted:":"true", "version":"1729328130741"}}
{"logTime": "0115/114622", "correlationVector":"HlTSSOxOIZmiT9FAablnVM.30","action":"GetUpdates", "result":"DeleteReceived", "context":{"id":"e015cd30-9db0-4ed3-96a7-0f70faad6e82", "isDeleted:":"true", "version":"1729328130742"}}
{"logTime": "0115/114622", "correlationVector":"HlTSSOxOIZmiT9FAablnVM.31","action":"GetUpdates", "result":"DeleteReceived", "context":{"id":"d939c8ed-5499-4a36-a05b-8a2ceb97a8cf", "isDeleted:":"true", "version":"1729328130743"}}
{"logTime": "0115/114622", "correlationVector":"HlTSSOxOIZmiT9FAablnVM.32","action":"GetUpdates", "result":"DeleteReceived", "context":{"id":"251646b8-4ded-4643-9773-d284ec52bf10", "isDeleted:":"true", "version":"1729328130744"}}
{"logTime": "0115/114622", "correlationVector":"HlTSSOxOIZmiT9FAablnVM.33","action":"GetUpdates", "result":"DeleteReceived", "context":{"id":"c189c040-d7cb-4052-9208-583ed761b87d", "isDeleted:":"true", "version":"1729328130745"}}
{"logTime": "0115/114622", "correlationVector":"HlTSSOxOIZmiT9FAablnVM.34","action":"GetUpdates", "result":"DeleteReceived", "context":{"id":"6c0c6308-82df-45c8-bc78-3bddb81891ac", "isDeleted:":"true", "version":"1729328130747"}}
{"logTime": "0115/114622", "correlationVector":"HlTSSOxOIZmiT9FAablnVM.35","action":"GetUpdates", "result":"DeleteReceived", "context":{"id":"16b444a3-da05-4602-baf7-55ff22000f20", "isDeleted:":"true", "version":"1729328130748"}}
{"logTime": "0115/114622", "correlationVector":"HlTSSOxOIZmiT9FAablnVM.36","action":"GetUpdates", "result":"DeleteReceived", "context":{"id":"dbf5cdb0-88ad-4f46-a151-1fcd959b2686", "isDeleted:":"true", "version":"1729328130749"}}
{"logTime": "0115/114622", "correlationVector":"HlTSSOxOIZmiT9FAablnVM.37","action":"GetUpdates", "result":"DeleteReceived", "context":{"id":"c6940e0e-5098-460d-8f86-808e36fb22f8", "isDeleted:":"true", "version":"1729328130751"}}
{"logTime": "0115/114622", "correlationVector":"HlTSSOxOIZmiT9FAablnVM.38","action":"GetUpdates", "result":"DeleteReceived", "context":{"id":"bb103665-2345-4167-bf47-6533ebd47f00", "isDeleted:":"true", "version":"1729328130752"}}
{"logTime": "0115/114622", "correlationVector":"HlTSSOxOIZmiT9FAablnVM.39","action":"GetUpdates", "result":"DeleteReceived", "context":{"id":"f1a1a986-f402-4560-9cc9-563c87436682", "isDeleted:":"true", "version":"1729328130753"}}
{"logTime": "0115/114622", "correlationVector":"HlTSSOxOIZmiT9FAablnVM.40","action":"GetUpdates", "result":"DeleteReceived", "context":{"id":"b4ea1929-b62f-449b-9004-173832218ede", "isDeleted:":"true", "version":"1729328130756"}}
{"logTime": "0115/114622", "correlationVector":"HlTSSOxOIZmiT9FAablnVM.41","action":"GetUpdates", "result":"DeleteReceived", "context":{"id":"3468487d-18ed-40f6-812e-0bb7b1f3aaa8", "isDeleted:":"true", "version":"1729328313637"}}
{"logTime": "0115/114622", "correlationVector":"HlTSSOxOIZmiT9FAablnVM.42","action":"GetUpdates", "result":"DeleteReceived", "context":{"id":"6a04ccd1-cffb-47c2-bb66-59f852f823b9", "isDeleted:":"true", "version":"1729328313640"}}
{"logTime": "0115/114622", "correlationVector":"HlTSSOxOIZmiT9FAablnVM.43","action":"GetUpdates", "result":"DeleteReceived", "context":{"id":"eabb6114-ccf2-4714-b382-9c0000610983", "isDeleted:":"true", "version":"1729328313645"}}
{"logTime": "0115/114622", "correlationVector":"HlTSSOxOIZmiT9FAablnVM.44","action":"GetUpdates", "result":"DeleteReceived", "context":{"id":"f084b21f-6499-4843-8788-3680f4a9045a", "isDeleted:":"true", "version":"1729328313652"}}
{"logTime": "0115/114622", "correlationVector":"HlTSSOxOIZmiT9FAablnVM.45","action":"GetUpdates", "result":"DeleteReceived", "context":{"id":"4f9d5637-606c-43b9-ae9c-30cdc8924b4a", "isDeleted:":"true", "version":"1729328345878"}}
{"logTime": "0115/114622", "correlationVector":"HlTSSOxOIZmiT9FAablnVM.46","action":"GetUpdates", "result":"DeleteReceived", "context":{"id":"eb8c621b-1820-4cea-976e-03ac21e59a4b", "isDeleted:":"true", "version":"1729328377197"}}
{"logTime": "0115/114622", "correlationVector":"HlTSSOxOIZmiT9FAablnVM.47","action":"GetUpdates", "result":"DeleteReceived", "context":{"id":"87cf82f9-b0d8-428a-aaea-c373266096b3", "isDeleted:":"true", "version":"1729328425396"}}
{"logTime": "0115/114622", "correlationVector":"HlTSSOxOIZmiT9FAablnVM.48","action":"GetUpdates", "result":"DeleteReceived", "context":{"id":"dd742e8b-d6f2-4a0b-94fd-d69bf730408c", "isDeleted:":"true", "version":"1729328573261"}}
{"logTime": "0115/114622", "correlationVector":"HlTSSOxOIZmiT9FAablnVM.49","action":"GetUpdates", "result":"DeleteReceived", "context":{"id":"28315605-9d5b-4294-959a-fe463c852fb9", "isDeleted:":"true", "version":"1729328573262"}}
{"logTime": "0115/114622", "correlationVector":"HlTSSOxOIZmiT9FAablnVM.50","action":"GetUpdates", "result":"DeleteReceived", "context":{"id":"81f52b87-ab4d-4605-b135-4ef5defab032", "isDeleted:":"true", "version":"1729328573264"}}
{"logTime": "0115/114622", "correlationVector":"HlTSSOxOIZmiT9FAablnVM.51","action":"GetUpdates", "result":"DeleteReceived", "context":{"id":"9434a314-72ae-4cbd-b886-b63522712104", "isDeleted:":"true", "version":"1729328573268"}}
{"logTime": "0115/114622", "correlationVector":"HlTSSOxOIZmiT9FAablnVM.52","action":"GetUpdates", "result":"DeleteReceived", "context":{"id":"68b657f9-1b3f-4c32-9a09-59c40adf7203", "isDeleted:":"true", "version":"1729328573269"}}
{"logTime": "0115/114622", "correlationVector":"HlTSSOxOIZmiT9FAablnVM.53","action":"GetUpdates", "result":"DeleteReceived", "context":{"id":"468a5d32-2018-4092-9685-6ff02703300d", "isDeleted:":"true", "version":"1729328573276"}}
{"logTime": "0115/114622", "correlationVector":"HlTSSOxOIZmiT9FAablnVM.54","action":"GetUpdates", "result":"DeleteReceived", "context":{"id":"c13d6cb6-bbc1-4ed2-b85c-28434b3c170a", "isDeleted:":"true", "version":"1729328573277"}}
{"logTime": "0115/114622", "correlationVector":"HlTSSOxOIZmiT9FAablnVM.55","action":"GetUpdates", "result":"DeleteReceived", "context":{"id":"a07ceaed-562a-4f3e-a3b0-9428251c14a6", "isDeleted:":"true", "version":"1729328676085"}}
{"logTime": "0115/114622", "correlationVector":"HlTSSOxOIZmiT9FAablnVM.56","action":"GetUpdates", "result":"DeleteReceived", "context":{"id":"17558e41-397a-4a12-bfbf-317b26ea557c", "isDeleted:":"true", "version":"1729328676087"}}
{"logTime": "0115/114622", "correlationVector":"HlTSSOxOIZmiT9FAablnVM.57","action":"GetUpdates", "result":"DeleteReceived", "context":{"id":"a4ed1492-e3a4-4798-91a7-2b61f50e8b19", "isDeleted:":"true", "version":"1729328676088"}}
{"logTime": "0115/114622", "correlationVector":"HlTSSOxOIZmiT9FAablnVM.58","action":"GetUpdates", "result":"DeleteReceived", "context":{"id":"59c7043f-6624-4532-acfe-77175d245c89", "isDeleted:":"true", "version":"1729328676096"}}
{"logTime": "0115/114622", "correlationVector":"HlTSSOxOIZmiT9FAablnVM.59","action":"GetUpdates", "result":"DeleteReceived", "context":{"id":"3da660ef-3eb7-4c5d-bd8c-87a15f935afe", "isDeleted:":"true", "version":"1729328676097"}}
{"logTime": "0115/114622", "correlationVector":"HlTSSOxOIZmiT9FAablnVM.60","action":"GetUpdates", "result":"DeleteReceived", "context":{"id":"7980d2cc-7354-456c-bc58-d4cc0a847ace", "isDeleted:":"true", "version":"1729328783352"}}
{"logTime": "0115/114622", "correlationVector":"HlTSSOxOIZmiT9FAablnVM.61","action":"GetUpdates", "result":"DeleteReceived", "context":{"id":"f8e4b4b1-fb9e-4a29-92b6-179fb615dba0", "isDeleted:":"true", "version":"1729328783360"}}
{"logTime": "0115/114622", "correlationVector":"HlTSSOxOIZmiT9FAablnVM.62","action":"GetUpdates", "result":"DeleteReceived", "context":{"id":"47ac6cd2-5562-4b86-92fe-ae190aa167fb", "isDeleted:":"true", "version":"1729328783367"}}
{"logTime": "0115/114622", "correlationVector":"HlTSSOxOIZmiT9FAablnVM.63","action":"GetUpdates", "result":"DeleteReceived", "context":{"id":"45b7316a-b80c-41d8-8c9d-521d2369f49a", "isDeleted:":"true", "version":"1729328814342"}}
{"logTime": "0115/114622", "correlationVector":"HlTSSOxOIZmiT9FAablnVM.64","action":"GetUpdates", "result":"DeleteReceived", "context":{"id":"1a4c4c67-56db-4f19-b70a-034939425a0f", "isDeleted:":"true", "version":"1729328814344"}}
{"logTime": "0115/114622", "correlationVector":"HlTSSOxOIZmiT9FAablnVM.65","action":"GetUpdates", "result":"DeleteReceived", "context":{"id":"9b27a4ee-4e53-4b8c-a471-7f8e90ff5732", "isDeleted:":"true", "version":"1729328814345"}}
{"logTime": "0115/114622", "correlationVector":"HlTSSOxOIZmiT9FAablnVM.66","action":"GetUpdates", "result":"DeleteReceived", "context":{"id":"ace053b6-774b-4d7f-a634-80dbff0b23ad", "isDeleted:":"true", "version":"1729328814346"}}
{"logTime": "0115/114622", "correlationVector":"HlTSSOxOIZmiT9FAablnVM.67","action":"GetUpdates", "result":"DeleteReceived", "context":{"id":"0af575cb-4d91-4462-ae57-2aa06a657b4a", "isDeleted:":"true", "version":"1729328814347"}}
{"logTime": "0115/114622", "correlationVector":"HlTSSOxOIZmiT9FAablnVM.68","action":"GetUpdates", "result":"DeleteReceived", "context":{"id":"af6df9be-1e88-49dd-a80e-ba5f11b9abc7", "isDeleted:":"true", "version":"1729328814348"}}
{"logTime": "0115/114622", "correlationVector":"HlTSSOxOIZmiT9FAablnVM.69","action":"GetUpdates", "result":"DeleteReceived", "context":{"id":"36d06b2a-118f-4bfc-b83b-405d3448ac5c", "isDeleted:":"true", "version":"1729328814351"}}
{"logTime": "0115/114622", "correlationVector":"HlTSSOxOIZmiT9FAablnVM.70","action":"GetUpdates Response", "result":"Success", "context":Received 250 update(s). cV=HlTSSOxOIZmiT9FAablnVM.0;server=akswtt00300002z;cloudType=Consumer;environment=Prod_francecentral_prod-s01-062-eur-francecentral;migrationStage=NotStarted Some updates remain.}
{"logTime": "0115/114622", "correlationVector":"HwWv9d2UdPqouNScbZYhi3","action":"Initial GetUpdates", "result":"", "context":Reason: NEWLY_SUPPORTED_DATATYPE. cV=HwWv9d2UdPqouNScbZYhi3}
{"logTime": "0115/114622", "correlationVector":"HwWv9d2UdPqouNScbZYhi3.1","action":"SyncServerConnectionManagerRequest", "result":"SYNC_SERVER_OK", "context":{"environment":"Prod_francecentral_prod-s01-062-eur-francecentral", "migrationStage":"NotStarted", "server":"akswtt003000024"}}
{"logTime": "0115/114622", "correlationVector":"HwWv9d2UdPqouNScbZYhi3.2","action":"GetUpdates", "result":"DeleteReceived", "context":{"id":"fb0decbd-8123-4d53-a25a-6f1e4b3cb949", "isDeleted:":"true", "version":"1729328814356"}}
{"logTime": "0115/114622", "correlationVector":"HwWv9d2UdPqouNScbZYhi3.3","action":"GetUpdates", "result":"DeleteReceived", "context":{"id":"7bf3cbbc-212e-435d-8947-4d3d9cd06d9e", "isDeleted:":"true", "version":"1729328814357"}}
{"logTime": "0115/114622", "correlationVector":"HwWv9d2UdPqouNScbZYhi3.4","action":"GetUpdates", "result":"DeleteReceived", "context":{"id":"140f0ca2-7456-4178-830f-222a02e51da0", "isDeleted:":"true", "version":"1729328814359"}}
{"logTime": "0115/114622", "correlationVector":"HwWv9d2UdPqouNScbZYhi3.5","action":"GetUpdates", "result":"DeleteReceived", "context":{"id":"840fc250-615e-402f-985a-1e08e5c1d291", "isDeleted:":"true", "version":"1729328908057"}}
{"logTime": "0115/114622", "correlationVector":"HwWv9d2UdPqouNScbZYhi3.6","action":"GetUpdates", "result":"DeleteReceived", "context":{"id":"b29b04ec-03dd-499b-8ee7-02e9e3e53fc8", "isDeleted:":"true", "version":"1729328956535"}}
{"logTime": "0115/114622", "correlationVector":"HwWv9d2UdPqouNScbZYhi3.7","action":"GetUpdates", "result":"DeleteReceived", "context":{"id":"5ce4e413-b7ff-4815-8f64-580ed8ef3998", "isDeleted:":"true", "version":"1729328956536"}}
{"logTime": "0115/114622", "correlationVector":"HwWv9d2UdPqouNScbZYhi3.8","action":"GetUpdates", "result":"DeleteReceived", "context":{"id":"1ef02213-d5cc-4739-8252-d9a0ff04bb6a", "isDeleted:":"true", "version":"1729328956537"}}
{"logTime": "0115/114622", "correlationVector":"HwWv9d2UdPqouNScbZYhi3.9","action":"GetUpdates", "result":"DeleteReceived", "context":{"id":"468296c3-e4ee-49ea-9b7f-d855a493f7f4", "isDeleted:":"true", "version":"1729328956538"}}
{"logTime": "0115/114622", "correlationVector":"HwWv9d2UdPqouNScbZYhi3.10","action":"GetUpdates", "result":"DeleteReceived", "context":{"id":"b9c6ee5f-be38-492f-8181-742fc9e9c7da", "isDeleted:":"true", "version":"1729328956539"}}
{"logTime": "0115/114622", "correlationVector":"HwWv9d2UdPqouNScbZYhi3.11","action":"GetUpdates", "result":"DeleteReceived", "context":{"id":"923136e8-5741-49ee-83dc-a5c640006d4c", "isDeleted:":"true", "version":"1729328956540"}}
{"logTime": "0115/114622", "correlationVector":"HwWv9d2UdPqouNScbZYhi3.12","action":"GetUpdates", "result":"DeleteReceived", "context":{"id":"2554e61d-a4b1-4ddc-933a-695176f883b4", "isDeleted:":"true", "version":"1729328956541"}}
{"logTime": "0115/114622", "correlationVector":"HwWv9d2UdPqouNScbZYhi3.13","action":"GetUpdates", "result":"DeleteReceived", "context":{"id":"48ab7000-6df0-4a57-9a79-940705e5b1a0", "isDeleted:":"true", "version":"1729328956542"}}
{"logTime": "0115/114622", "correlationVector":"HwWv9d2UdPqouNScbZYhi3.14","action":"GetUpdates", "result":"DeleteReceived", "context":{"id":"4678c0b8-8148-4c84-a197-7fb4f0cea4d7", "isDeleted:":"true", "version":"1729328956543"}}
{"logTime": "0115/114622", "correlationVector":"HwWv9d2UdPqouNScbZYhi3.15","action":"GetUpdates", "result":"DeleteReceived", "context":{"id":"bd795532-50bc-47c0-9950-839922073edf", "isDeleted:":"true", "version":"1729330432278"}}
{"logTime": "0115/114622", "correlationVector":"HwWv9d2UdPqouNScbZYhi3.16","action":"GetUpdates", "result":"DeleteReceived", "context":{"id":"ebc39f26-2b4d-4cb5-ae10-d4f4a2b493d8", "isDeleted:":"true", "version":"1729330432279"}}
{"logTime": "0115/114622", "correlationVector":"HwWv9d2UdPqouNScbZYhi3.17","action":"GetUpdates", "result":"DeleteReceived", "context":{"id":"36aab476-e29e-4f51-8e08-ea08ecb590a1", "isDeleted:":"true", "version":"1729330432280"}}
{"logTime": "0115/114622", "correlationVector":"HwWv9d2UdPqouNScbZYhi3.18","action":"GetUpdates", "result":"DeleteReceived", "context":{"id":"ead64cf3-859b-4436-8db0-f597af8b17d9", "isDeleted:":"true", "version":"1729330432281"}}
{"logTime": "0115/114622", "correlationVector":"HwWv9d2UdPqouNScbZYhi3.19","action":"GetUpdates", "result":"DeleteReceived", "context":{"id":"6c1c3d90-f706-4827-8314-31e0bb3ce27d", "isDeleted:":"true", "version":"1730710947705"}}
{"logTime": "0115/114622", "correlationVector":"HwWv9d2UdPqouNScbZYhi3.20","action":"GetUpdates", "result":"DeleteReceived", "context":{"id":"ceb6ea99-7406-40e7-a3d2-a46c589aa2eb", "isDeleted:":"true", "version":"1730710947706"}}
{"logTime": "0115/114622", "correlationVector":"HwWv9d2UdPqouNScbZYhi3.21","action":"GetUpdates", "result":"DeleteReceived", "context":{"id":"767fd4ca-c5a7-47fc-87ca-3f0e57f19210", "isDeleted:":"true", "version":"1730710947707"}}
{"logTime": "0115/114622", "correlationVector":"HwWv9d2UdPqouNScbZYhi3.22","action":"GetUpdates", "result":"DeleteReceived", "context":{"id":"4c894230-c4ac-46a6-8525-f43f46dbf70d", "isDeleted:":"true", "version":"1730710947708"}}
{"logTime": "0115/114622", "correlationVector":"HwWv9d2UdPqouNScbZYhi3.23","action":"GetUpdates", "result":"DeleteReceived", "context":{"id":"419f2200-e2c9-458b-890a-8956f804c65b", "isDeleted:":"true", "version":"1730710947709"}}
{"logTime": "0115/114622", "correlationVector":"HwWv9d2UdPqouNScbZYhi3.24","action":"GetUpdates", "result":"DeleteReceived", "context":{"id":"6d17855f-9002-4173-a457-11402bf1a8a3", "isDeleted:":"true", "version":"1730710947710"}}
{"logTime": "0115/114622", "correlationVector":"HwWv9d2UdPqouNScbZYhi3.25","action":"GetUpdates", "result":"DeleteReceived", "context":{"id":"eed97c42-2b82-4c4a-a1db-6e5f2334b90b", "isDeleted:":"true", "version":"1732102549832"}}
{"logTime": "0115/114622", "correlationVector":"HwWv9d2UdPqouNScbZYhi3.26","action":"GetUpdates", "result":"DeleteReceived", "context":{"id":"178ad911-749f-473a-94fb-3c8ee2eabc84", "isDeleted:":"true", "version":"1732102549833"}}
{"logTime": "0115/114622", "correlationVector":"HwWv9d2UdPqouNScbZYhi3.27","action":"GetUpdates", "result":"DeleteReceived", "context":{"id":"3f686308-9c40-4b6b-9937-5623054131d8", "isDeleted:":"true", "version":"1732102549834"}}
{"logTime": "0115/114622", "correlationVector":"HwWv9d2UdPqouNScbZYhi3.28","action":"GetUpdates", "result":"DeleteReceived", "context":{"id":"7da2a469-2ee3-4499-bd8d-207043c7888f", "isDeleted:":"true", "version":"1732102549835"}}
{"logTime": "0115/114622", "correlationVector":"HwWv9d2UdPqouNScbZYhi3.29","action":"GetUpdates", "result":"DeleteReceived", "context":{"id":"416c3b61-3ace-40ff-b19a-96a96e2b28c5", "isDeleted:":"true", "version":"1732102549836"}}
{"logTime": "0115/114622", "correlationVector":"HwWv9d2UdPqouNScbZYhi3.30","action":"GetUpdates", "result":"DeleteReceived", "context":{"id":"29069828-83fa-4c87-aac3-0ca09e5b6f26", "isDeleted:":"true", "version":"1732102549837"}}
{"logTime": "0115/114622", "correlationVector":"HwWv9d2UdPqouNScbZYhi3.31","action":"GetUpdates", "result":"DeleteReceived", "context":{"id":"e3f43212-fc5f-43ed-ad54-04f9d94b444c", "isDeleted:":"true", "version":"1732102549838"}}
{"logTime": "0115/114622", "correlationVector":"HwWv9d2UdPqouNScbZYhi3.32","action":"GetUpdates Response", "result":"Success", "context":Received 173 update(s). cV=HwWv9d2UdPqouNScbZYhi3.0;server=akswtt003000024;cloudType=Consumer;environment=Prod_francecentral_prod-s01-062-eur-francecentral;migrationStage=NotStarted}
{"logTime": "0115/114622", "correlationVector":"N074Xs+9TtWlkel96Q/Gwm","action":"Normal GetUpdate request", "result":"", "context":cV=N074Xs+9TtWlkel96Q/Gwm
Nudged types: Sessions, Device Info, User Consents
Refresh requested types: Bookmarks, Preferences, Passwords, Autofill Profiles, Autofill, Typed URLs, Extensions, Sessions, Extension settings, History Delete Directives, Device Info, User Consents, Send Tab To Self, Web Apps, Collection, Edge E Drop, Edge Hub App Usage, Edge Tab Group, Edge Wallet, Encryption Keys}
{"logTime": "0115/114623", "correlationVector":"N074Xs+9TtWlkel96Q/Gwm.1","action":"SyncServerConnectionManagerRequest", "result":"SYNC_SERVER_OK", "context":{"environment":"Prod_francecentral_prod-s01-062-eur-francecentral", "migrationStage":"NotStarted", "server":"akswtt003000019"}}
{"logTime": "0115/114623", "correlationVector":"N074Xs+9TtWlkel96Q/Gwm.2","action":"GetUpdates Response", "result":"Success", "context":Received 0 update(s). cV=N074Xs+9TtWlkel96Q/Gwm.0;server=akswtt003000019;cloudType=Consumer;environment=Prod_francecentral_prod-s01-062-eur-francecentral;migrationStage=NotStarted}
{"logTime": "0115/114623", "correlationVector":"cPwY+7phQA9tPZ/EjBzdeX","action":"DoCompareDataConsistency requsted types: ", "result":"Bookmarks, Preferences, Passwords, Typed URLs, Extensions, Extension settings, History Delete Directives, Send Tab To Self, Web Apps, Collection, Edge E Drop, Edge Tab Group, Edge Wallet, Encryption Keys"}
{"logTime": "0115/114623", "correlationVector":"cPwY+7phQA9tPZ/EjBzdeX.0","action":"CompareDataConsistency result: ", "result":"Compare result: Encryption Keys is consistent. local entities count is: 1 local entities hash is: uItMFhFfz81EOrtZTBRZ0mFHj1A="}
{"logTime": "0115/114623", "correlationVector":"cPwY+7phQA9tPZ/EjBzdeX.1","action":"CompareDataConsistency result: ", "result":"Compare result: Bookmarks is consistent. local entities count is: 9 local entities hash is: GHmyhHlHKMDlkYR6F5aMF1ieuDM="}
{"logTime": "0115/114623", "correlationVector":"cPwY+7phQA9tPZ/EjBzdeX.2","action":"CompareDataConsistency result: ", "result":"Compare result: Preferences is consistent. local entities count is: 81 local entities hash is: CWxFQw67MoE8FoFGC2z/BvgdhnU="}
{"logTime": "0115/114623", "correlationVector":"cPwY+7phQA9tPZ/EjBzdeX.3","action":"CompareDataConsistency result: ", "result":"Server did not send this Typed URLs local entities count is: 0 local entities hash is: "}
{"logTime": "0115/114623", "correlationVector":"cPwY+7phQA9tPZ/EjBzdeX.4","action":"CompareDataConsistency result: ", "result":"Compare result: Extensions is consistent. local entities count is: 1 local entities hash is: AIkWAZQWuoImA5I7fOoFfYxqKLY="}
{"logTime": "0115/114623", "correlationVector":"cPwY+7phQA9tPZ/EjBzdeX.5","action":"CompareDataConsistency result: ", "result":"Compare result: Extension settings is consistent. local entities count is: 0 local entities hash is: "}
{"logTime": "0115/114623", "correlationVector":"cPwY+7phQA9tPZ/EjBzdeX.6","action":"CompareDataConsistency result: ", "result":"Compare result: History Delete Directives is consistent. local entities count is: 0 local entities hash is: "}
{"logTime": "0115/114623", "correlationVector":"cPwY+7phQA9tPZ/EjBzdeX.7","action":"CompareDataConsistency result: ", "result":"Server did not send this Send Tab To Self local entities count is: 0 local entities hash is: "}
{"logTime": "0115/114623", "correlationVector":"cPwY+7phQA9tPZ/EjBzdeX.8","action":"CompareDataConsistency result: ", "result":"Compare result: Web Apps is consistent. local entities count is: 0 local entities hash is: "}
{"logTime": "0115/114623", "correlationVector":"cPwY+7phQA9tPZ/EjBzdeX.9","action":"CompareDataConsistency result: ", "result":"Compare result: Collection is consistent. local entities count is: 0 local entities hash is: "}
{"logTime": "0115/114623", "correlationVector":"cPwY+7phQA9tPZ/EjBzdeX.10","action":"CompareDataConsistency result: ", "result":"Compare result: Edge E Drop is consistent. local entities count is: 0 local entities hash is: "}
{"logTime": "0115/114623", "correlationVector":"cPwY+7phQA9tPZ/EjBzdeX.11","action":"CompareDataConsistency result: ", "result":"Compare result: Edge Tab Group is consistent. local entities count is: 0 local entities hash is: "}
{"logTime": "0115/114623", "correlationVector":"cPwY+7phQA9tPZ/EjBzdeX.12","action":"CompareDataConsistency result: ", "result":"Compare result: Edge Wallet is consistent. local entities count is: 0 local entities hash is: "}
{"logTime": "0115/114623", "correlationVector":"cPwY+7phQA9tPZ/EjBzdeX.13","action":"CompareDataConsistency result: ", "result":"Compare result: Passwords is consistent. local entities count is: 95 local entities hash is: /x+aNeV1+CPYmciXheOwo9G+raw="}
{"logTime": "0115/114623", "correlationVector":"A4mveRea/f/2Brjtf8UwSG","action":"Commit Request", "result":"", "context":Item count: 5
Contributing types: Sessions, Device Info, User Consents}
{"logTime": "0115/114624", "correlationVector":"A4mveRea/f/2Brjtf8UwSG.1","action":"SyncServerConnectionManagerRequest", "result":"SYNC_SERVER_OK", "context":{"environment":"Prod_francecentral_prod-s01-062-eur-francecentral", "migrationStage":"NotStarted", "server":"akswtt003000024"}}
{"logTime": "0115/114624", "correlationVector":"A4mveRea/f/2Brjtf8UwSG.2","action":"Commit Response", "result":"Success", "context":Result: Success. cV=A4mveRea/f/2Brjtf8UwSG.0;server=akswtt003000024;cloudType=Consumer;environment=Prod_francecentral_prod-s01-062-eur-francecentral;migrationStage=NotStarted}
{"logTime": "0115/114624", "correlationVector":"","action":"DIAGNOSTIC_REQUEST|v1/diagnosticData/Diagnostic.SendCheckResult()|SUCCESS", "result":""}
